<?xml version="1.0" encoding="UTF-8"?>
<!-- Generated by org.testng.reporters.JUnitReportReporter -->
<testsuite skipped="0" hostname="LAPTOP-QLVQ3NNV" name="org.test.APITest.PostApi" tests="1" failures="0" timestamp="2019-09-15T19:45:43 IST" time="1.826" errors="0">
  <testcase name="PostCall" time="1.826" classname="org.test.APITest.PostApi"/>
</testsuite> <!-- org.test.APITest.PostApi -->
