<?xml version="1.0" encoding="UTF-8"?>
<!-- Generated by org.testng.reporters.JUnitReportReporter -->
<testsuite skipped="0" hostname="DiveshBhallaPC" name="org.test.APITest.GETAPITest" tests="2" failures="0" timestamp="2019-10-19T11:01:50 IST" time="10.230" errors="0">
  <testcase name="getListOfResources" time="5.536" classname="org.test.APITest.GETAPITest"/>
  <testcase name="getTest" time="4.694" classname="org.test.APITest.GETAPITest"/>
</testsuite> <!-- org.test.APITest.GETAPITest -->
